make -C /lib/modules/5.15.142/build M=/home/blaze51/works/nvmevirt_popt clean
make[1]: Entering directory '/home/blaze51/.KERNEL/linux-5.15.142'
  CLEAN   /home/blaze51/works/nvmevirt_popt/Module.symvers
make[1]: Leaving directory '/home/blaze51/.KERNEL/linux-5.15.142'
rm -f cscope.out tags nvmev.S
make -C /lib/modules/5.15.142/build M=/home/blaze51/works/nvmevirt_popt modules
make[1]: Entering directory '/home/blaze51/.KERNEL/linux-5.15.142'
  CC [M]  /home/blaze51/works/nvmevirt_popt/main.o
  CC [M]  /home/blaze51/works/nvmevirt_popt/pci.o
  CC [M]  /home/blaze51/works/nvmevirt_popt/admin.o
  CC [M]  /home/blaze51/works/nvmevirt_popt/io.o
  CC [M]  /home/blaze51/works/nvmevirt_popt/dma.o
  CC [M]  /home/blaze51/works/nvmevirt_popt/ssd.o
  CC [M]  /home/blaze51/works/nvmevirt_popt/conv_ftl.o
  CC [M]  /home/blaze51/works/nvmevirt_popt/pqueue/pqueue.o
  CC [M]  /home/blaze51/works/nvmevirt_popt/channel_model.o
  LD [M]  /home/blaze51/works/nvmevirt_popt/nvmev.o
  MODPOST /home/blaze51/works/nvmevirt_popt/Module.symvers
  CC [M]  /home/blaze51/works/nvmevirt_popt/nvmev.mod.o
  LD [M]  /home/blaze51/works/nvmevirt_popt/nvmev.ko
  BTF [M] /home/blaze51/works/nvmevirt_popt/nvmev.ko
make[1]: Leaving directory '/home/blaze51/.KERNEL/linux-5.15.142'
Iteration No: 1 started. Evaluating function at random point.
sh -c "./ssd_config_make.sh 640 3400 30000 30000 3300000 5000 5000 5000 100 0 6144"
Traceback (most recent call last):
  File "/home/blaze51/works/nvmevirt_popt/./opt.py", line 167, in <module>
    res = skopt.optimizer.gp_minimize(
          ^^^^^^^^^^^^^^^^^^^^^^^^^^^^
  File "/home/blaze51/anaconda3/envs/opt/lib/python3.12/site-packages/skopt/optimizer/gp.py", line 259, in gp_minimize
    return base_minimize(
           ^^^^^^^^^^^^^^
  File "/home/blaze51/anaconda3/envs/opt/lib/python3.12/site-packages/skopt/optimizer/base.py", line 299, in base_minimize
    next_y = func(next_x)
             ^^^^^^^^^^^^
  File "/home/blaze51/works/nvmevirt_popt/./opt.py", line 153, in objective_opt
    return objective(parameters)
           ^^^^^^^^^^^^^^^^^^^^^
  File "/home/blaze51/works/nvmevirt_popt/./opt.py", line 53, in objective
    raise Exception("Wrong virtual device route given")
Exception: Wrong virtual device route given
make -C /lib/modules/5.15.142/build M=/home/blaze51/works/nvmevirt_popt clean
make[1]: Entering directory '/home/blaze51/.KERNEL/linux-5.15.142'
  CLEAN   /home/blaze51/works/nvmevirt_popt/Module.symvers
make[1]: Leaving directory '/home/blaze51/.KERNEL/linux-5.15.142'
rm -f cscope.out tags nvmev.S
make -C /lib/modules/5.15.142/build M=/home/blaze51/works/nvmevirt_popt modules
make[1]: Entering directory '/home/blaze51/.KERNEL/linux-5.15.142'
  CC [M]  /home/blaze51/works/nvmevirt_popt/main.o
  CC [M]  /home/blaze51/works/nvmevirt_popt/pci.o
  CC [M]  /home/blaze51/works/nvmevirt_popt/admin.o
  CC [M]  /home/blaze51/works/nvmevirt_popt/io.o
  CC [M]  /home/blaze51/works/nvmevirt_popt/dma.o
  CC [M]  /home/blaze51/works/nvmevirt_popt/ssd.o
  CC [M]  /home/blaze51/works/nvmevirt_popt/conv_ftl.o
  CC [M]  /home/blaze51/works/nvmevirt_popt/pqueue/pqueue.o
  CC [M]  /home/blaze51/works/nvmevirt_popt/channel_model.o
  LD [M]  /home/blaze51/works/nvmevirt_popt/nvmev.o
  MODPOST /home/blaze51/works/nvmevirt_popt/Module.symvers
  CC [M]  /home/blaze51/works/nvmevirt_popt/nvmev.mod.o
  LD [M]  /home/blaze51/works/nvmevirt_popt/nvmev.ko
  BTF [M] /home/blaze51/works/nvmevirt_popt/nvmev.ko
make[1]: Leaving directory '/home/blaze51/.KERNEL/linux-5.15.142'
Model Number:                       CSL_Virt_MN_01
make -C /lib/modules/5.15.142/build M=/home/blaze51/works/nvmevirt_popt clean
make[1]: Entering directory '/home/blaze51/.KERNEL/linux-5.15.142'
  CLEAN   /home/blaze51/works/nvmevirt_popt/Module.symvers
make[1]: Leaving directory '/home/blaze51/.KERNEL/linux-5.15.142'
rm -f cscope.out tags nvmev.S
make -C /lib/modules/5.15.142/build M=/home/blaze51/works/nvmevirt_popt modules
make[1]: Entering directory '/home/blaze51/.KERNEL/linux-5.15.142'
  CC [M]  /home/blaze51/works/nvmevirt_popt/main.o
  CC [M]  /home/blaze51/works/nvmevirt_popt/pci.o
  CC [M]  /home/blaze51/works/nvmevirt_popt/admin.o
  CC [M]  /home/blaze51/works/nvmevirt_popt/io.o
  CC [M]  /home/blaze51/works/nvmevirt_popt/dma.o
  CC [M]  /home/blaze51/works/nvmevirt_popt/ssd.o
  CC [M]  /home/blaze51/works/nvmevirt_popt/conv_ftl.o
  CC [M]  /home/blaze51/works/nvmevirt_popt/pqueue/pqueue.o
  CC [M]  /home/blaze51/works/nvmevirt_popt/channel_model.o
  LD [M]  /home/blaze51/works/nvmevirt_popt/nvmev.o
  MODPOST /home/blaze51/works/nvmevirt_popt/Module.symvers
  CC [M]  /home/blaze51/works/nvmevirt_popt/nvmev.mod.o
  LD [M]  /home/blaze51/works/nvmevirt_popt/nvmev.ko
  BTF [M] /home/blaze51/works/nvmevirt_popt/nvmev.ko
make[1]: Leaving directory '/home/blaze51/.KERNEL/linux-5.15.142'
Model Number:                       CSL_Virt_MN_01
make -C /lib/modules/5.15.142/build M=/home/blaze51/works/nvmevirt_popt clean
make[1]: Entering directory '/home/blaze51/.KERNEL/linux-5.15.142'
  CLEAN   /home/blaze51/works/nvmevirt_popt/Module.symvers
make[1]: Leaving directory '/home/blaze51/.KERNEL/linux-5.15.142'
rm -f cscope.out tags nvmev.S
make -C /lib/modules/5.15.142/build M=/home/blaze51/works/nvmevirt_popt modules
make[1]: Entering directory '/home/blaze51/.KERNEL/linux-5.15.142'
  CC [M]  /home/blaze51/works/nvmevirt_popt/main.o
  CC [M]  /home/blaze51/works/nvmevirt_popt/pci.o
  CC [M]  /home/blaze51/works/nvmevirt_popt/admin.o
  CC [M]  /home/blaze51/works/nvmevirt_popt/io.o
  CC [M]  /home/blaze51/works/nvmevirt_popt/dma.o
  CC [M]  /home/blaze51/works/nvmevirt_popt/ssd.o
  CC [M]  /home/blaze51/works/nvmevirt_popt/conv_ftl.o
  CC [M]  /home/blaze51/works/nvmevirt_popt/pqueue/pqueue.o
  CC [M]  /home/blaze51/works/nvmevirt_popt/channel_model.o
  LD [M]  /home/blaze51/works/nvmevirt_popt/nvmev.o
  MODPOST /home/blaze51/works/nvmevirt_popt/Module.symvers
  CC [M]  /home/blaze51/works/nvmevirt_popt/nvmev.mod.o
  LD [M]  /home/blaze51/works/nvmevirt_popt/nvmev.ko
  BTF [M] /home/blaze51/works/nvmevirt_popt/nvmev.ko
make[1]: Leaving directory '/home/blaze51/.KERNEL/linux-5.15.142'
Model Number:                       CSL_Virt_MN_01
make -C /lib/modules/5.15.142/build M=/home/blaze51/works/nvmevirt_popt clean
make[1]: Entering directory '/home/blaze51/.KERNEL/linux-5.15.142'
  CLEAN   /home/blaze51/works/nvmevirt_popt/Module.symvers
make[1]: Leaving directory '/home/blaze51/.KERNEL/linux-5.15.142'
rm -f cscope.out tags nvmev.S
make -C /lib/modules/5.15.142/build M=/home/blaze51/works/nvmevirt_popt modules
make[1]: Entering directory '/home/blaze51/.KERNEL/linux-5.15.142'
  CC [M]  /home/blaze51/works/nvmevirt_popt/main.o
  CC [M]  /home/blaze51/works/nvmevirt_popt/pci.o
  CC [M]  /home/blaze51/works/nvmevirt_popt/admin.o
  CC [M]  /home/blaze51/works/nvmevirt_popt/io.o
  CC [M]  /home/blaze51/works/nvmevirt_popt/dma.o
  CC [M]  /home/blaze51/works/nvmevirt_popt/ssd.o
  CC [M]  /home/blaze51/works/nvmevirt_popt/conv_ftl.o
  CC [M]  /home/blaze51/works/nvmevirt_popt/pqueue/pqueue.o
  CC [M]  /home/blaze51/works/nvmevirt_popt/channel_model.o
  LD [M]  /home/blaze51/works/nvmevirt_popt/nvmev.o
  MODPOST /home/blaze51/works/nvmevirt_popt/Module.symvers
  CC [M]  /home/blaze51/works/nvmevirt_popt/nvmev.mod.o
  LD [M]  /home/blaze51/works/nvmevirt_popt/nvmev.ko
  BTF [M] /home/blaze51/works/nvmevirt_popt/nvmev.ko
make[1]: Leaving directory '/home/blaze51/.KERNEL/linux-5.15.142'
Model Number:                       CSL_Virt_MN_01
make -C /lib/modules/5.15.142/build M=/home/blaze51/works/nvmevirt_popt clean
make[1]: Entering directory '/home/blaze51/.KERNEL/linux-5.15.142'
  CLEAN   /home/blaze51/works/nvmevirt_popt/Module.symvers
make[1]: Leaving directory '/home/blaze51/.KERNEL/linux-5.15.142'
rm -f cscope.out tags nvmev.S
make -C /lib/modules/5.15.142/build M=/home/blaze51/works/nvmevirt_popt modules
make[1]: Entering directory '/home/blaze51/.KERNEL/linux-5.15.142'
  CC [M]  /home/blaze51/works/nvmevirt_popt/main.o
  CC [M]  /home/blaze51/works/nvmevirt_popt/pci.o
  CC [M]  /home/blaze51/works/nvmevirt_popt/admin.o
  CC [M]  /home/blaze51/works/nvmevirt_popt/io.o
  CC [M]  /home/blaze51/works/nvmevirt_popt/dma.o
  CC [M]  /home/blaze51/works/nvmevirt_popt/ssd.o
  CC [M]  /home/blaze51/works/nvmevirt_popt/conv_ftl.o
  CC [M]  /home/blaze51/works/nvmevirt_popt/pqueue/pqueue.o
  CC [M]  /home/blaze51/works/nvmevirt_popt/channel_model.o
  LD [M]  /home/blaze51/works/nvmevirt_popt/nvmev.o
  MODPOST /home/blaze51/works/nvmevirt_popt/Module.symvers
  CC [M]  /home/blaze51/works/nvmevirt_popt/nvmev.mod.o
  LD [M]  /home/blaze51/works/nvmevirt_popt/nvmev.ko
  BTF [M] /home/blaze51/works/nvmevirt_popt/nvmev.ko
make[1]: Leaving directory '/home/blaze51/.KERNEL/linux-5.15.142'
Model Number:                       CSL_Virt_MN_01
make -C /lib/modules/5.15.142/build M=/home/blaze51/works/nvmevirt_popt clean
make[1]: Entering directory '/home/blaze51/.KERNEL/linux-5.15.142'
  CLEAN   /home/blaze51/works/nvmevirt_popt/Module.symvers
make[1]: Leaving directory '/home/blaze51/.KERNEL/linux-5.15.142'
rm -f cscope.out tags nvmev.S
make -C /lib/modules/5.15.142/build M=/home/blaze51/works/nvmevirt_popt modules
make[1]: Entering directory '/home/blaze51/.KERNEL/linux-5.15.142'
  CC [M]  /home/blaze51/works/nvmevirt_popt/main.o
  CC [M]  /home/blaze51/works/nvmevirt_popt/pci.o
  CC [M]  /home/blaze51/works/nvmevirt_popt/admin.o
  CC [M]  /home/blaze51/works/nvmevirt_popt/io.o
  CC [M]  /home/blaze51/works/nvmevirt_popt/dma.o
  CC [M]  /home/blaze51/works/nvmevirt_popt/ssd.o
  CC [M]  /home/blaze51/works/nvmevirt_popt/conv_ftl.o
  CC [M]  /home/blaze51/works/nvmevirt_popt/pqueue/pqueue.o
  CC [M]  /home/blaze51/works/nvmevirt_popt/channel_model.o
  LD [M]  /home/blaze51/works/nvmevirt_popt/nvmev.o
  MODPOST /home/blaze51/works/nvmevirt_popt/Module.symvers
  CC [M]  /home/blaze51/works/nvmevirt_popt/nvmev.mod.o
  LD [M]  /home/blaze51/works/nvmevirt_popt/nvmev.ko
  BTF [M] /home/blaze51/works/nvmevirt_popt/nvmev.ko
make[1]: Leaving directory '/home/blaze51/.KERNEL/linux-5.15.142'
Model Number:                       CSL_Virt_MN_01
make -C /lib/modules/5.15.142/build M=/home/blaze51/works/nvmevirt_popt clean
make[1]: Entering directory '/home/blaze51/.KERNEL/linux-5.15.142'
  CLEAN   /home/blaze51/works/nvmevirt_popt/Module.symvers
make[1]: Leaving directory '/home/blaze51/.KERNEL/linux-5.15.142'
rm -f cscope.out tags nvmev.S
make -C /lib/modules/5.15.142/build M=/home/blaze51/works/nvmevirt_popt modules
make[1]: Entering directory '/home/blaze51/.KERNEL/linux-5.15.142'
  CC [M]  /home/blaze51/works/nvmevirt_popt/main.o
  CC [M]  /home/blaze51/works/nvmevirt_popt/pci.o
  CC [M]  /home/blaze51/works/nvmevirt_popt/admin.o
  CC [M]  /home/blaze51/works/nvmevirt_popt/io.o
  CC [M]  /home/blaze51/works/nvmevirt_popt/dma.o
  CC [M]  /home/blaze51/works/nvmevirt_popt/ssd.o
  CC [M]  /home/blaze51/works/nvmevirt_popt/conv_ftl.o
  CC [M]  /home/blaze51/works/nvmevirt_popt/pqueue/pqueue.o
  CC [M]  /home/blaze51/works/nvmevirt_popt/channel_model.o
  LD [M]  /home/blaze51/works/nvmevirt_popt/nvmev.o
  MODPOST /home/blaze51/works/nvmevirt_popt/Module.symvers
  CC [M]  /home/blaze51/works/nvmevirt_popt/nvmev.mod.o
  LD [M]  /home/blaze51/works/nvmevirt_popt/nvmev.ko
  BTF [M] /home/blaze51/works/nvmevirt_popt/nvmev.ko
make[1]: Leaving directory '/home/blaze51/.KERNEL/linux-5.15.142'
Model Number:                       CSL_Virt_MN_01
make -C /lib/modules/5.15.142/build M=/home/blaze51/works/nvmevirt_popt clean
make[1]: Entering directory '/home/blaze51/.KERNEL/linux-5.15.142'
  CLEAN   /home/blaze51/works/nvmevirt_popt/Module.symvers
make[1]: Leaving directory '/home/blaze51/.KERNEL/linux-5.15.142'
rm -f cscope.out tags nvmev.S
make -C /lib/modules/5.15.142/build M=/home/blaze51/works/nvmevirt_popt modules
make[1]: Entering directory '/home/blaze51/.KERNEL/linux-5.15.142'
  CC [M]  /home/blaze51/works/nvmevirt_popt/main.o
  CC [M]  /home/blaze51/works/nvmevirt_popt/pci.o
  CC [M]  /home/blaze51/works/nvmevirt_popt/admin.o
  CC [M]  /home/blaze51/works/nvmevirt_popt/io.o
  CC [M]  /home/blaze51/works/nvmevirt_popt/dma.o
  CC [M]  /home/blaze51/works/nvmevirt_popt/ssd.o
  CC [M]  /home/blaze51/works/nvmevirt_popt/conv_ftl.o
  CC [M]  /home/blaze51/works/nvmevirt_popt/pqueue/pqueue.o
  CC [M]  /home/blaze51/works/nvmevirt_popt/channel_model.o
  LD [M]  /home/blaze51/works/nvmevirt_popt/nvmev.o
  MODPOST /home/blaze51/works/nvmevirt_popt/Module.symvers
  CC [M]  /home/blaze51/works/nvmevirt_popt/nvmev.mod.o
  LD [M]  /home/blaze51/works/nvmevirt_popt/nvmev.ko
  BTF [M] /home/blaze51/works/nvmevirt_popt/nvmev.ko
make[1]: Leaving directory '/home/blaze51/.KERNEL/linux-5.15.142'
Model Number:                       CSL_Virt_MN_01
make -C /lib/modules/5.15.142/build M=/home/blaze51/works/nvmevirt_popt clean
make[1]: Entering directory '/home/blaze51/.KERNEL/linux-5.15.142'
  CLEAN   /home/blaze51/works/nvmevirt_popt/Module.symvers
make[1]: Leaving directory '/home/blaze51/.KERNEL/linux-5.15.142'
rm -f cscope.out tags nvmev.S
make -C /lib/modules/5.15.142/build M=/home/blaze51/works/nvmevirt_popt modules
make[1]: Entering directory '/home/blaze51/.KERNEL/linux-5.15.142'
  CC [M]  /home/blaze51/works/nvmevirt_popt/main.o
  CC [M]  /home/blaze51/works/nvmevirt_popt/pci.o
  CC [M]  /home/blaze51/works/nvmevirt_popt/admin.o
  CC [M]  /home/blaze51/works/nvmevirt_popt/io.o
  CC [M]  /home/blaze51/works/nvmevirt_popt/dma.o
  CC [M]  /home/blaze51/works/nvmevirt_popt/ssd.o
  CC [M]  /home/blaze51/works/nvmevirt_popt/conv_ftl.o
  CC [M]  /home/blaze51/works/nvmevirt_popt/pqueue/pqueue.o
  CC [M]  /home/blaze51/works/nvmevirt_popt/channel_model.o
  LD [M]  /home/blaze51/works/nvmevirt_popt/nvmev.o
  MODPOST /home/blaze51/works/nvmevirt_popt/Module.symvers
  CC [M]  /home/blaze51/works/nvmevirt_popt/nvmev.mod.o
  LD [M]  /home/blaze51/works/nvmevirt_popt/nvmev.ko
  BTF [M] /home/blaze51/works/nvmevirt_popt/nvmev.ko
make[1]: Leaving directory '/home/blaze51/.KERNEL/linux-5.15.142'
Model Number:                       CSL_Virt_MN_01
make -C /lib/modules/5.15.142/build M=/home/blaze51/works/nvmevirt_popt clean
make[1]: Entering directory '/home/blaze51/.KERNEL/linux-5.15.142'
  CLEAN   /home/blaze51/works/nvmevirt_popt/Module.symvers
make[1]: Leaving directory '/home/blaze51/.KERNEL/linux-5.15.142'
rm -f cscope.out tags nvmev.S
make -C /lib/modules/5.15.142/build M=/home/blaze51/works/nvmevirt_popt modules
make[1]: Entering directory '/home/blaze51/.KERNEL/linux-5.15.142'
  CC [M]  /home/blaze51/works/nvmevirt_popt/main.o
  CC [M]  /home/blaze51/works/nvmevirt_popt/pci.o
  CC [M]  /home/blaze51/works/nvmevirt_popt/admin.o
  CC [M]  /home/blaze51/works/nvmevirt_popt/io.o
  CC [M]  /home/blaze51/works/nvmevirt_popt/dma.o
  CC [M]  /home/blaze51/works/nvmevirt_popt/ssd.o
  CC [M]  /home/blaze51/works/nvmevirt_popt/conv_ftl.o
  CC [M]  /home/blaze51/works/nvmevirt_popt/pqueue/pqueue.o
  CC [M]  /home/blaze51/works/nvmevirt_popt/channel_model.o
  LD [M]  /home/blaze51/works/nvmevirt_popt/nvmev.o
  MODPOST /home/blaze51/works/nvmevirt_popt/Module.symvers
  CC [M]  /home/blaze51/works/nvmevirt_popt/nvmev.mod.o
  LD [M]  /home/blaze51/works/nvmevirt_popt/nvmev.ko
  BTF [M] /home/blaze51/works/nvmevirt_popt/nvmev.ko
make[1]: Leaving directory '/home/blaze51/.KERNEL/linux-5.15.142'
Model Number:                       CSL_Virt_MN_01
make -C /lib/modules/5.15.142/build M=/home/blaze51/works/nvmevirt_popt clean
make[1]: Entering directory '/home/blaze51/.KERNEL/linux-5.15.142'
  CLEAN   /home/blaze51/works/nvmevirt_popt/Module.symvers
make[1]: Leaving directory '/home/blaze51/.KERNEL/linux-5.15.142'
rm -f cscope.out tags nvmev.S
make -C /lib/modules/5.15.142/build M=/home/blaze51/works/nvmevirt_popt modules
make[1]: Entering directory '/home/blaze51/.KERNEL/linux-5.15.142'
  CC [M]  /home/blaze51/works/nvmevirt_popt/main.o
  CC [M]  /home/blaze51/works/nvmevirt_popt/pci.o
  CC [M]  /home/blaze51/works/nvmevirt_popt/admin.o
  CC [M]  /home/blaze51/works/nvmevirt_popt/io.o
  CC [M]  /home/blaze51/works/nvmevirt_popt/dma.o
  CC [M]  /home/blaze51/works/nvmevirt_popt/ssd.o
  CC [M]  /home/blaze51/works/nvmevirt_popt/conv_ftl.o
  CC [M]  /home/blaze51/works/nvmevirt_popt/pqueue/pqueue.o
  CC [M]  /home/blaze51/works/nvmevirt_popt/channel_model.o
  LD [M]  /home/blaze51/works/nvmevirt_popt/nvmev.o
  MODPOST /home/blaze51/works/nvmevirt_popt/Module.symvers
  CC [M]  /home/blaze51/works/nvmevirt_popt/nvmev.mod.o
  LD [M]  /home/blaze51/works/nvmevirt_popt/nvmev.ko
  BTF [M] /home/blaze51/works/nvmevirt_popt/nvmev.ko
make[1]: Leaving directory '/home/blaze51/.KERNEL/linux-5.15.142'
Model Number:                       CSL_Virt_MN_01
make -C /lib/modules/5.15.142/build M=/home/blaze51/works/nvmevirt_popt clean
make[1]: Entering directory '/home/blaze51/.KERNEL/linux-5.15.142'
  CLEAN   /home/blaze51/works/nvmevirt_popt/Module.symvers
make[1]: Leaving directory '/home/blaze51/.KERNEL/linux-5.15.142'
rm -f cscope.out tags nvmev.S
make -C /lib/modules/5.15.142/build M=/home/blaze51/works/nvmevirt_popt modules
make[1]: Entering directory '/home/blaze51/.KERNEL/linux-5.15.142'
  CC [M]  /home/blaze51/works/nvmevirt_popt/main.o
  CC [M]  /home/blaze51/works/nvmevirt_popt/pci.o
  CC [M]  /home/blaze51/works/nvmevirt_popt/admin.o
  CC [M]  /home/blaze51/works/nvmevirt_popt/io.o
  CC [M]  /home/blaze51/works/nvmevirt_popt/dma.o
  CC [M]  /home/blaze51/works/nvmevirt_popt/ssd.o
  CC [M]  /home/blaze51/works/nvmevirt_popt/conv_ftl.o
  CC [M]  /home/blaze51/works/nvmevirt_popt/pqueue/pqueue.o
  CC [M]  /home/blaze51/works/nvmevirt_popt/channel_model.o
  LD [M]  /home/blaze51/works/nvmevirt_popt/nvmev.o
  MODPOST /home/blaze51/works/nvmevirt_popt/Module.symvers
  CC [M]  /home/blaze51/works/nvmevirt_popt/nvmev.mod.o
  LD [M]  /home/blaze51/works/nvmevirt_popt/nvmev.ko
  BTF [M] /home/blaze51/works/nvmevirt_popt/nvmev.ko
make[1]: Leaving directory '/home/blaze51/.KERNEL/linux-5.15.142'
Model Number:                       CSL_Virt_MN_01
make -C /lib/modules/5.15.142/build M=/home/blaze51/works/nvmevirt_popt clean
make[1]: Entering directory '/home/blaze51/.KERNEL/linux-5.15.142'
  CLEAN   /home/blaze51/works/nvmevirt_popt/Module.symvers
make[1]: Leaving directory '/home/blaze51/.KERNEL/linux-5.15.142'
rm -f cscope.out tags nvmev.S
make -C /lib/modules/5.15.142/build M=/home/blaze51/works/nvmevirt_popt modules
make[1]: Entering directory '/home/blaze51/.KERNEL/linux-5.15.142'
  CC [M]  /home/blaze51/works/nvmevirt_popt/main.o
  CC [M]  /home/blaze51/works/nvmevirt_popt/pci.o
  CC [M]  /home/blaze51/works/nvmevirt_popt/admin.o
  CC [M]  /home/blaze51/works/nvmevirt_popt/io.o
  CC [M]  /home/blaze51/works/nvmevirt_popt/dma.o
  CC [M]  /home/blaze51/works/nvmevirt_popt/ssd.o
  CC [M]  /home/blaze51/works/nvmevirt_popt/conv_ftl.o
  CC [M]  /home/blaze51/works/nvmevirt_popt/pqueue/pqueue.o
  CC [M]  /home/blaze51/works/nvmevirt_popt/channel_model.o
  LD [M]  /home/blaze51/works/nvmevirt_popt/nvmev.o
  MODPOST /home/blaze51/works/nvmevirt_popt/Module.symvers
  CC [M]  /home/blaze51/works/nvmevirt_popt/nvmev.mod.o
  LD [M]  /home/blaze51/works/nvmevirt_popt/nvmev.ko
  BTF [M] /home/blaze51/works/nvmevirt_popt/nvmev.ko
make[1]: Leaving directory '/home/blaze51/.KERNEL/linux-5.15.142'
Model Number:                       CSL_Virt_MN_01
make -C /lib/modules/5.15.142/build M=/home/blaze51/works/nvmevirt_popt clean
make[1]: Entering directory '/home/blaze51/.KERNEL/linux-5.15.142'
  CLEAN   /home/blaze51/works/nvmevirt_popt/Module.symvers
make[1]: Leaving directory '/home/blaze51/.KERNEL/linux-5.15.142'
rm -f cscope.out tags nvmev.S
make -C /lib/modules/5.15.142/build M=/home/blaze51/works/nvmevirt_popt modules
make[1]: Entering directory '/home/blaze51/.KERNEL/linux-5.15.142'
  CC [M]  /home/blaze51/works/nvmevirt_popt/main.o
  CC [M]  /home/blaze51/works/nvmevirt_popt/pci.o
  CC [M]  /home/blaze51/works/nvmevirt_popt/admin.o
  CC [M]  /home/blaze51/works/nvmevirt_popt/io.o
  CC [M]  /home/blaze51/works/nvmevirt_popt/dma.o
  CC [M]  /home/blaze51/works/nvmevirt_popt/ssd.o
  CC [M]  /home/blaze51/works/nvmevirt_popt/conv_ftl.o
  CC [M]  /home/blaze51/works/nvmevirt_popt/pqueue/pqueue.o
  CC [M]  /home/blaze51/works/nvmevirt_popt/channel_model.o
  LD [M]  /home/blaze51/works/nvmevirt_popt/nvmev.o
  MODPOST /home/blaze51/works/nvmevirt_popt/Module.symvers
  CC [M]  /home/blaze51/works/nvmevirt_popt/nvmev.mod.o
  LD [M]  /home/blaze51/works/nvmevirt_popt/nvmev.ko
  BTF [M] /home/blaze51/works/nvmevirt_popt/nvmev.ko
make[1]: Leaving directory '/home/blaze51/.KERNEL/linux-5.15.142'
*** stack smashing detected ***: terminated
Aborted
Iteration No: 1 started. Evaluating function at random point.
sh -c "./ssd_config_make.sh 640 3400 30000 30000 3300000 5000 5000 5000 100 0 6144"
Results of iteration 240
4096 45298 9753
8192 52541 11289
16384 67528 14826
32768 92007 20189
65536 146974 36236
131072 226964 73528
262144 259163 150797
Errors:
0.509, 0.469, 0.441, 0.477, 0.472, 0.454, 0.465, 0.401, 0.374, 0.326, 0.371, 0.276, 0.191, 0.089, 
Score: 0.380 + 0.254 = 0.634
Iteration No: 1 ended. Evaluation done at random point.
Time taken: 101.4794
Function value obtained: 0.6342
Current minimum: 0.6342
Iteration No: 2 started. Evaluating function at random point.
sh -c "./ssd_config_make.sh 832 3400 53333 48000 3300000 8571 7273 6154 165 184 10103"
Results of iteration 241
4096 71057 11048
8192 70006 12821
16384 82835 15726
32768 102839 22022
65536 163040 35262
131072 252499 70733
262144 287422 141736
Errors:
0.229, 0.293, 0.314, 0.416, 0.415, 0.393, 0.407, 0.322, 0.290, 0.285, 0.314, 0.296, 0.222, 0.144, 
Score: 0.310 + 0.208 = 0.518
Iteration No: 2 ended. Evaluation done at random point.
Time taken: 107.5427
Function value obtained: 0.5178
Current minimum: 0.5178
Iteration No: 3 started. Evaluating function at random point.
sh -c "./ssd_config_make.sh 736 3400 76667 66000 3300000 12143 9545 7308 229 368 14063"
Results of iteration 242
4096 98223 12095
8192 92578 13719
16384 106303 17445
32768 129354 23289
65536 205413 35612
131072 317933 71049
262144 360751 142373
Errors:
0.065, 0.065, 0.119, 0.265, 0.263, 0.236, 0.255, 0.258, 0.240, 0.207, 0.274, 0.289, 0.219, 0.140, 
Score: 0.207 + 0.144 = 0.351
Iteration No: 3 ended. Evaluation done at random point.
Time taken: 116.2790
Function value obtained: 0.3511
Current minimum: 0.3511
Iteration No: 4 started. Evaluating function at random point.
sh -c "./ssd_config_make.sh 928 3400 37778 84000 3300000 15714 11818 8462 294 553 18022"
Results of iteration 243
4096 62108 13408
8192 110902 15249
16384 122981 18737
32768 142350 25030
65536 225746 38009
131072 349355 70459
262144 395643 141179
Errors:
0.327, 0.120, 0.019, 0.191, 0.190, 0.160, 0.183, 0.177, 0.155, 0.148, 0.220, 0.241, 0.225, 0.147, 
Score: 0.179 + 0.163 = 0.342
Iteration No: 4 ended. Evaluation done at random point.
Time taken: 121.3065
Function value obtained: 0.3422
Current minimum: 0.3422
Iteration No: 5 started. Evaluating function at random point.
sh -c "./ssd_config_make.sh 688 3400 61111 102000 3300000 19286 14091 9615 359 737 21982"
Results of iteration 244
4096 90950 14649
8192 134999 17064
16384 150031 20522
32768 175717 27179
65536 280394 40465
131072 435054 71164
262144 491262 142543
Errors:
0.014, 0.364, 0.243, 0.002, 0.007, 0.046, 0.014, 0.101, 0.055, 0.067, 0.153, 0.192, 0.217, 0.139, 
Score: 0.115 + 0.182 = 0.297
Iteration No: 5 ended. Evaluation done at random point.
Time taken: 129.0025
Function value obtained: 0.2971
Current minimum: 0.2971
Iteration No: 6 started. Evaluating function at random point.
sh -c "./ssd_config_make.sh 880 3400 84444 33600 3300000 22857 16364 10769 424 921 25941"
Results of iteration 245
4096 116662 16690
8192 66292 18839
16384 79407 22208
32768 101228 28995
65536 153981 42589
131072 231844 70498
262144 263402 141217
Errors:
0.265, 0.330, 0.342, 0.425, 0.447, 0.443, 0.456, 0.024, 0.044, 0.009, 0.096, 0.149, 0.225, 0.147, 
Score: 0.243 + 0.228 = 0.471
Iteration No: 6 ended. Evaluation done at random point.
Time taken: 112.3376
Function value obtained: 0.4713
Current minimum: 0.2971
Iteration No: 7 started. Evaluating function at random point.
sh -c "./ssd_config_make.sh 784 3400 45556 51600 3300000 26429 18636 11923 488 1105 29901"
Results of iteration 246
4096 82129 17654
8192 88012 19485
16384 102682 23667
32768 127790 30920
65536 195926 44906
131072 297648 72488
262144 336869 141690
Errors:
0.109, 0.111, 0.149, 0.274, 0.297, 0.285, 0.305, 0.083, 0.080, 0.076, 0.036, 0.103, 0.203, 0.144, 
Score: 0.161 + 0.152 = 0.313
Iteration No: 7 ended. Evaluation done at random point.
Time taken: 121.1106
Function value obtained: 0.3135
Current minimum: 0.2971
Iteration No: 8 started. Evaluating function at random point.
sh -c "./ssd_config_make.sh 976 3400 68889 69600 3300000 5510 20909 13077 553 1289 33860"
Results of iteration 247
4096 83941 18223
8192 106821 20394
16384 120200 24735
32768 141507 32515
65536 217993 46499
131072 331747 75529
262144 374735 140646
Errors:
0.090, 0.079, 0.004, 0.196, 0.217, 0.203, 0.227, 0.118, 0.130, 0.124, 0.013, 0.071, 0.169, 0.151, 
Score: 0.128 + 0.113 = 0.241
Iteration No: 8 ended. Evaluation done at random point.
Time taken: 125.9800
Function value obtained: 0.2414
Current minimum: 0.2414
Iteration No: 9 started. Evaluating function at random point.
sh -c "./ssd_config_make.sh 664 3400 92222 87600 3300000 9082 23182 14231 618 1474 37820"
Results of iteration 248
4096 112287 20068
8192 131149 21973
16384 148342 26306
32768 178078 34148
65536 277787 48934
131072 424771 78991
262144 479895 142414
Errors:
0.218, 0.325, 0.229, 0.012, 0.003, 0.021, 0.010, 0.232, 0.218, 0.195, 0.064, 0.023, 0.131, 0.140, 
Score: 0.130 + 0.162 = 0.292
Iteration No: 9 ended. Evaluation done at random point.
Time taken: 134.5481
Function value obtained: 0.2924
Current minimum: 0.2414
Iteration No: 10 started. Evaluating function at random point.
sh -c "./ssd_config_make.sh 856 3400 32593 105600 3300000 12653 25455 15385 682 1658 41779"
Results of iteration 249
4096 55602 21217
8192 149087 23724
16384 163984 27457
32768 189089 35650
65536 294692 50398
131072 451397 81810
262144 508487 143660
Errors:
0.397, 0.506, 0.358, 0.074, 0.058, 0.085, 0.049, 0.302, 0.315, 0.248, 0.111, 0.007, 0.100, 0.132, 
Score: 0.196 + 0.253 = 0.449
Iteration No: 10 ended. Evaluation done at random point.
Time taken: 137.9720
Function value obtained: 0.4490
Current minimum: 0.2414
Iteration No: 11 started. Evaluating function at random point.
sh -c "./ssd_config_make.sh 760 3400 55926 37200 3300000 16224 27727 16538 747 1842 45739"
Results of iteration 250
4096 83706 22301
8192 84284 24724
16384 100926 28185
32768 129126 37121
65536 193156 53551
131072 287543 84615
262144 323801 148627
Errors:
0.092, 0.148, 0.164, 0.267, 0.307, 0.309, 0.332, 0.369, 0.370, 0.281, 0.157, 0.070, 0.069, 0.102, 
Score: 0.217 + 0.185 = 0.402
Iteration No: 11 ended. Evaluation done at random point.
Time taken: 126.0352
Function value obtained: 0.4018
Current minimum: 0.2414
Iteration No: 12 started. Evaluating function at random point.
sh -c "./ssd_config_make.sh 952 3400 79259 55200 3300000 19796 5207 17692 812 2026 49698"
Results of iteration 251
4096 109314 23629
8192 77593 25641
16384 92976 29773
32768 118039 39098
65536 189510 55735
131072 295263 88069
262144 334932 153710
Errors:
0.185, 0.216, 0.230, 0.330, 0.320, 0.290, 0.309, 0.450, 0.421, 0.353, 0.218, 0.113, 0.031, 0.072, 
Score: 0.253 + 0.225 = 0.478
Iteration No: 12 ended. Evaluation done at random point.
Time taken: 125.9185
Function value obtained: 0.4778
Current minimum: 0.2414
Iteration No: 13 started. Evaluating function at random point.
sh -c "./ssd_config_make.sh 712 3400 40370 73200 3300000 23367 7479 18846 876 2211 53658"
Results of iteration 252
4096 75650 24628
8192 102141 27605
16384 119552 31641
32768 150798 40380
65536 242745 57546
131072 379073 92667
262144 428648 159464
Errors:
0.180, 0.032, 0.010, 0.143, 0.129, 0.089, 0.115, 0.511, 0.530, 0.438, 0.258, 0.149, 0.019, 0.037, 
Score: 0.189 + 0.265 = 0.453
Iteration No: 13 ended. Evaluation done at random point.
Time taken: 136.3624
Function value obtained: 0.4534
Current minimum: 0.2414
Iteration No: 14 started. Evaluating function at random point.
sh -c "./ssd_config_make.sh 904 3400 63704 91200 3300000 26939 9752 5089 941 2395 57617"
Traceback (most recent call last):
  File "/home/blaze51/works/nvmevirt_popt/./opt.py", line 167, in <module>
    checkpoint_file = f"./results/checkpoint_{TIME_STRING}.pkl"
          ^^^^^^^^^^^^^^^^^^^^^^^^^^^^^^^^^^^^^^^^^^^^^^^^^^^^^
  File "/home/blaze51/anaconda3/envs/opt/lib/python3.12/site-packages/skopt/optimizer/gp.py", line 259, in gp_minimize
    return base_minimize(
           ^^^^^^^^^^^^^^
  File "/home/blaze51/anaconda3/envs/opt/lib/python3.12/site-packages/skopt/optimizer/base.py", line 299, in base_minimize
    next_y = func(next_x)
             ^^^^^^^^^^^^
  File "/home/blaze51/works/nvmevirt_popt/./opt.py", line 153, in objective_opt
    else:
          
  File "/home/blaze51/works/nvmevirt_popt/./opt.py", line 53, in objective
    raise Exception("Wrong virtual device route given")
Exception: Wrong virtual device route given
make -C /lib/modules/5.15.142/build M=/home/blaze51/works/nvmevirt_popt clean
make[1]: Entering directory '/home/blaze51/.KERNEL/linux-5.15.142'
  CLEAN   /home/blaze51/works/nvmevirt_popt/Module.symvers
make[1]: Leaving directory '/home/blaze51/.KERNEL/linux-5.15.142'
rm -f cscope.out tags nvmev.S
make -C /lib/modules/5.15.142/build M=/home/blaze51/works/nvmevirt_popt modules
make[1]: Entering directory '/home/blaze51/.KERNEL/linux-5.15.142'
  CC [M]  /home/blaze51/works/nvmevirt_popt/main.o
  CC [M]  /home/blaze51/works/nvmevirt_popt/pci.o
  CC [M]  /home/blaze51/works/nvmevirt_popt/admin.o
  CC [M]  /home/blaze51/works/nvmevirt_popt/io.o
  CC [M]  /home/blaze51/works/nvmevirt_popt/dma.o
  CC [M]  /home/blaze51/works/nvmevirt_popt/ssd.o
  CC [M]  /home/blaze51/works/nvmevirt_popt/conv_ftl.o
  CC [M]  /home/blaze51/works/nvmevirt_popt/pqueue/pqueue.o
  CC [M]  /home/blaze51/works/nvmevirt_popt/channel_model.o
  LD [M]  /home/blaze51/works/nvmevirt_popt/nvmev.o
  MODPOST /home/blaze51/works/nvmevirt_popt/Module.symvers
  CC [M]  /home/blaze51/works/nvmevirt_popt/nvmev.mod.o
  LD [M]  /home/blaze51/works/nvmevirt_popt/nvmev.ko
  BTF [M] /home/blaze51/works/nvmevirt_popt/nvmev.ko
make[1]: Leaving directory '/home/blaze51/.KERNEL/linux-5.15.142'
Model Number:                       CSL_Virt_MN_01
Iteration No: 1 started. Evaluating function at random point.
Iteration No: 1 ended. Evaluation done at random point.
Time taken: 0.0020
Function value obtained: 0.4534
Current minimum: 0.2414
Iteration No: 2 started. Evaluating function at random point.
sh -c "./ssd_config_make.sh 904 3400 63704 91200 3300000 26939 9752 5089 941 2395 33719"
Results of iteration 254
4096 101237 10886
8192 120106 12990
16384 135856 17893
32768 163014 26607
65536 261546 44421
131072 407901 79285
262144 460281 149144
Errors:
0.098, 0.213, 0.125, 0.074, 0.061, 0.020, 0.050, 0.332, 0.280, 0.187, 0.171, 0.113, 0.128, 0.099, 
Score: 0.139 + 0.166 = 0.305
make -C /lib/modules/5.15.142/build M=/home/blaze51/works/nvmevirt_popt clean
make[1]: Entering directory '/home/blaze51/.KERNEL/linux-5.15.142'
  CLEAN   /home/blaze51/works/nvmevirt_popt/Module.symvers
make[1]: Leaving directory '/home/blaze51/.KERNEL/linux-5.15.142'
rm -f cscope.out tags nvmev.S
make -C /lib/modules/5.15.142/build M=/home/blaze51/works/nvmevirt_popt modules
make[1]: Entering directory '/home/blaze51/.KERNEL/linux-5.15.142'
  CC [M]  /home/blaze51/works/nvmevirt_popt/main.o
  CC [M]  /home/blaze51/works/nvmevirt_popt/pci.o
  CC [M]  /home/blaze51/works/nvmevirt_popt/admin.o
  CC [M]  /home/blaze51/works/nvmevirt_popt/io.o
  CC [M]  /home/blaze51/works/nvmevirt_popt/dma.o
  CC [M]  /home/blaze51/works/nvmevirt_popt/ssd.o
  CC [M]  /home/blaze51/works/nvmevirt_popt/conv_ftl.o
  CC [M]  /home/blaze51/works/nvmevirt_popt/pqueue/pqueue.o
  CC [M]  /home/blaze51/works/nvmevirt_popt/channel_model.o
  LD [M]  /home/blaze51/works/nvmevirt_popt/nvmev.o
  MODPOST /home/blaze51/works/nvmevirt_popt/Module.symvers
  CC [M]  /home/blaze51/works/nvmevirt_popt/nvmev.mod.o
  LD [M]  /home/blaze51/works/nvmevirt_popt/nvmev.ko
  BTF [M] /home/blaze51/works/nvmevirt_popt/nvmev.ko
make[1]: Leaving directory '/home/blaze51/.KERNEL/linux-5.15.142'
Model Number:                       CSL_Virt_MN_01
Iteration No: 2 ended. Evaluation done at random point.
Time taken: 125.0178
Function value obtained: 0.3053
Current minimum: 0.2414
Iteration No: 3 started. Evaluating function at random point.
sh -c "./ssd_config_make.sh 808 3400 87037 109200 3300000 6020 12025 6243 1006 2579 35840"
Results of iteration 255
4096 104246 11727
8192 141662 14656
16384 159033 19628
32768 189098 28271
65536 303592 46491
131072 473552 83260
262144 535282 155834
Errors:
0.130, 0.431, 0.317, 0.074, 0.090, 0.138, 0.105, 0.280, 0.188, 0.108, 0.119, 0.071, 0.084, 0.059, 
Score: 0.157 + 0.216 = 0.372
make -C /lib/modules/5.15.142/build M=/home/blaze51/works/nvmevirt_popt clean
make[1]: Entering directory '/home/blaze51/.KERNEL/linux-5.15.142'
  CLEAN   /home/blaze51/works/nvmevirt_popt/Module.symvers
make[1]: Leaving directory '/home/blaze51/.KERNEL/linux-5.15.142'
rm -f cscope.out tags nvmev.S
make -C /lib/modules/5.15.142/build M=/home/blaze51/works/nvmevirt_popt modules
make[1]: Entering directory '/home/blaze51/.KERNEL/linux-5.15.142'
  CC [M]  /home/blaze51/works/nvmevirt_popt/main.o
  CC [M]  /home/blaze51/works/nvmevirt_popt/pci.o
  CC [M]  /home/blaze51/works/nvmevirt_popt/admin.o
  CC [M]  /home/blaze51/works/nvmevirt_popt/io.o
  CC [M]  /home/blaze51/works/nvmevirt_popt/dma.o
  CC [M]  /home/blaze51/works/nvmevirt_popt/ssd.o
  CC [M]  /home/blaze51/works/nvmevirt_popt/conv_ftl.o
  CC [M]  /home/blaze51/works/nvmevirt_popt/pqueue/pqueue.o
  CC [M]  /home/blaze51/works/nvmevirt_popt/channel_model.o
  LD [M]  /home/blaze51/works/nvmevirt_popt/nvmev.o
  MODPOST /home/blaze51/works/nvmevirt_popt/Module.symvers
  CC [M]  /home/blaze51/works/nvmevirt_popt/nvmev.mod.o
  LD [M]  /home/blaze51/works/nvmevirt_popt/nvmev.ko
  BTF [M] /home/blaze51/works/nvmevirt_popt/nvmev.ko
make[1]: Leaving directory '/home/blaze51/.KERNEL/linux-5.15.142'
Model Number:                       CSL_Virt_MN_01
Iteration No: 3 ended. Evaluation done at random point.
Time taken: 131.0302
Function value obtained: 0.3724
Current minimum: 0.2414
Iteration No: 4 started. Evaluating function at random point.
sh -c "./ssd_config_make.sh 1000 3400 48148 40800 3300000 9592 14298 7396 1071 2763 37961"
Results of iteration 256
4096 68620 12955
8192 74317 15647
16384 90072 20825
32768 116940 30052
65536 182078 48689
131072 276855 85874
262144 315499 159990
Errors:
0.256, 0.249, 0.254, 0.336, 0.346, 0.335, 0.349, 0.205, 0.133, 0.054, 0.064, 0.027, 0.055, 0.034, 
Score: 0.193 + 0.174 = 0.367
make -C /lib/modules/5.15.142/build M=/home/blaze51/works/nvmevirt_popt clean
make[1]: Entering directory '/home/blaze51/.KERNEL/linux-5.15.142'
  CLEAN   /home/blaze51/works/nvmevirt_popt/Module.symvers
make[1]: Leaving directory '/home/blaze51/.KERNEL/linux-5.15.142'
rm -f cscope.out tags nvmev.S
make -C /lib/modules/5.15.142/build M=/home/blaze51/works/nvmevirt_popt modules
make[1]: Entering directory '/home/blaze51/.KERNEL/linux-5.15.142'
  CC [M]  /home/blaze51/works/nvmevirt_popt/main.o
  CC [M]  /home/blaze51/works/nvmevirt_popt/pci.o
  CC [M]  /home/blaze51/works/nvmevirt_popt/admin.o
  CC [M]  /home/blaze51/works/nvmevirt_popt/io.o
  CC [M]  /home/blaze51/works/nvmevirt_popt/dma.o
  CC [M]  /home/blaze51/works/nvmevirt_popt/ssd.o
  CC [M]  /home/blaze51/works/nvmevirt_popt/conv_ftl.o
  CC [M]  /home/blaze51/works/nvmevirt_popt/pqueue/pqueue.o
  CC [M]  /home/blaze51/works/nvmevirt_popt/channel_model.o
  LD [M]  /home/blaze51/works/nvmevirt_popt/nvmev.o
  MODPOST /home/blaze51/works/nvmevirt_popt/Module.symvers
  CC [M]  /home/blaze51/works/nvmevirt_popt/nvmev.mod.o
  LD [M]  /home/blaze51/works/nvmevirt_popt/nvmev.ko
  BTF [M] /home/blaze51/works/nvmevirt_popt/nvmev.ko
make[1]: Leaving directory '/home/blaze51/.KERNEL/linux-5.15.142'
Model Number:                       CSL_Virt_MN_01
Iteration No: 4 ended. Evaluation done at random point.
Time taken: 115.6643
Function value obtained: 0.3670
Current minimum: 0.2414
Iteration No: 5 started. Evaluating function at random point.
sh -c "./ssd_config_make.sh 652 3400 71481 58800 3300000 13163 16570 8550 1135 2947 40082"
Results of iteration 257
4096 97446 14287
8192 98952 17572
16384 119462 22358
32768 155541 31774
65536 244599 51611
131072 376382 88950
262144 426072 165415
Errors:
0.057, 0.000, 0.010, 0.116, 0.122, 0.095, 0.121, 0.123, 0.026, 0.016, 0.010, 0.031, 0.022, 0.001, 
Score: 0.054 + 0.062 = 0.115
make -C /lib/modules/5.15.142/build M=/home/blaze51/works/nvmevirt_popt clean
make[1]: Entering directory '/home/blaze51/.KERNEL/linux-5.15.142'
  CLEAN   /home/blaze51/works/nvmevirt_popt/Module.symvers
make[1]: Leaving directory '/home/blaze51/.KERNEL/linux-5.15.142'
rm -f cscope.out tags nvmev.S
make -C /lib/modules/5.15.142/build M=/home/blaze51/works/nvmevirt_popt modules
make[1]: Entering directory '/home/blaze51/.KERNEL/linux-5.15.142'
  CC [M]  /home/blaze51/works/nvmevirt_popt/main.o
  CC [M]  /home/blaze51/works/nvmevirt_popt/pci.o
  CC [M]  /home/blaze51/works/nvmevirt_popt/admin.o
  CC [M]  /home/blaze51/works/nvmevirt_popt/io.o
  CC [M]  /home/blaze51/works/nvmevirt_popt/dma.o
  CC [M]  /home/blaze51/works/nvmevirt_popt/ssd.o
  CC [M]  /home/blaze51/works/nvmevirt_popt/conv_ftl.o
  CC [M]  /home/blaze51/works/nvmevirt_popt/pqueue/pqueue.o
  CC [M]  /home/blaze51/works/nvmevirt_popt/channel_model.o
  LD [M]  /home/blaze51/works/nvmevirt_popt/nvmev.o
  MODPOST /home/blaze51/works/nvmevirt_popt/Module.symvers
  CC [M]  /home/blaze51/works/nvmevirt_popt/nvmev.mod.o
  LD [M]  /home/blaze51/works/nvmevirt_popt/nvmev.ko
  BTF [M] /home/blaze51/works/nvmevirt_popt/nvmev.ko
make[1]: Leaving directory '/home/blaze51/.KERNEL/linux-5.15.142'
Model Number:                       CSL_Virt_MN_01
Iteration No: 5 ended. Evaluation done at random point.
Time taken: 127.7402
Function value obtained: 0.1152
Current minimum: 0.1152
Iteration No: 6 started. Evaluating function at random point.
sh -c "./ssd_config_make.sh 844 3400 94815 76800 3300000 16735 18843 9704 104 3132 42203"
Results of iteration 258
4096 123075 14338
8192 116403 17068
16384 134110 18958
32768 165371 24602
65536 260562 36237
131072 400603 71112
262144 452691 142427
Errors:
0.335, 0.176, 0.111, 0.061, 0.065, 0.037, 0.066, 0.120, 0.054, 0.138, 0.233, 0.276, 0.218, 0.140, 
Score: 0.145 + 0.167 = 0.312
make -C /lib/modules/5.15.142/build M=/home/blaze51/works/nvmevirt_popt clean
make[1]: Entering directory '/home/blaze51/.KERNEL/linux-5.15.142'
  CLEAN   /home/blaze51/works/nvmevirt_popt/Module.symvers
make[1]: Leaving directory '/home/blaze51/.KERNEL/linux-5.15.142'
rm -f cscope.out tags nvmev.S
make -C /lib/modules/5.15.142/build M=/home/blaze51/works/nvmevirt_popt modules
make[1]: Entering directory '/home/blaze51/.KERNEL/linux-5.15.142'
  CC [M]  /home/blaze51/works/nvmevirt_popt/main.o
  CC [M]  /home/blaze51/works/nvmevirt_popt/pci.o
  CC [M]  /home/blaze51/works/nvmevirt_popt/admin.o
  CC [M]  /home/blaze51/works/nvmevirt_popt/io.o
  CC [M]  /home/blaze51/works/nvmevirt_popt/dma.o
  CC [M]  /home/blaze51/works/nvmevirt_popt/ssd.o
  CC [M]  /home/blaze51/works/nvmevirt_popt/conv_ftl.o
  CC [M]  /home/blaze51/works/nvmevirt_popt/pqueue/pqueue.o
  CC [M]  /home/blaze51/works/nvmevirt_popt/channel_model.o
  LD [M]  /home/blaze51/works/nvmevirt_popt/nvmev.o
  MODPOST /home/blaze51/works/nvmevirt_popt/Module.symvers
  CC [M]  /home/blaze51/works/nvmevirt_popt/nvmev.mod.o
  LD [M]  /home/blaze51/works/nvmevirt_popt/nvmev.ko
  BTF [M] /home/blaze51/works/nvmevirt_popt/nvmev.ko
make[1]: Leaving directory '/home/blaze51/.KERNEL/linux-5.15.142'
Model Number:                       CSL_Virt_MN_01
Iteration No: 6 ended. Evaluation done at random point.
Time taken: 127.0718
Function value obtained: 0.3123
Current minimum: 0.1152
Iteration No: 7 started. Evaluating function at random point.
sh -c "./ssd_config_make.sh 748 3400 35185 94800 3300000 20306 21116 10858 169 3316 44325"
Results of iteration 259
4096 68203 15710
8192 138317 17389
16384 158303 20707
32768 192924 26193
65536 303194 38009
131072 467857 71434
262144 527707 143131
Errors:
0.260, 0.397, 0.311, 0.096, 0.088, 0.125, 0.089, 0.036, 0.036, 0.059, 0.184, 0.241, 0.214, 0.136, 
Score: 0.162 + 0.199 = 0.361
make -C /lib/modules/5.15.142/build M=/home/blaze51/works/nvmevirt_popt clean
make[1]: Entering directory '/home/blaze51/.KERNEL/linux-5.15.142'
  CLEAN   /home/blaze51/works/nvmevirt_popt/Module.symvers
make[1]: Leaving directory '/home/blaze51/.KERNEL/linux-5.15.142'
rm -f cscope.out tags nvmev.S
make -C /lib/modules/5.15.142/build M=/home/blaze51/works/nvmevirt_popt modules
make[1]: Entering directory '/home/blaze51/.KERNEL/linux-5.15.142'
  CC [M]  /home/blaze51/works/nvmevirt_popt/main.o
  CC [M]  /home/blaze51/works/nvmevirt_popt/pci.o
  CC [M]  /home/blaze51/works/nvmevirt_popt/admin.o
  CC [M]  /home/blaze51/works/nvmevirt_popt/io.o
  CC [M]  /home/blaze51/works/nvmevirt_popt/dma.o
  CC [M]  /home/blaze51/works/nvmevirt_popt/ssd.o
  CC [M]  /home/blaze51/works/nvmevirt_popt/conv_ftl.o
  CC [M]  /home/blaze51/works/nvmevirt_popt/pqueue/pqueue.o
  CC [M]  /home/blaze51/works/nvmevirt_popt/channel_model.o
  LD [M]  /home/blaze51/works/nvmevirt_popt/nvmev.o
  MODPOST /home/blaze51/works/nvmevirt_popt/Module.symvers
  CC [M]  /home/blaze51/works/nvmevirt_popt/nvmev.mod.o
  LD [M]  /home/blaze51/works/nvmevirt_popt/nvmev.ko
  BTF [M] /home/blaze51/works/nvmevirt_popt/nvmev.ko
make[1]: Leaving directory '/home/blaze51/.KERNEL/linux-5.15.142'
Model Number:                       CSL_Virt_MN_01
Iteration No: 7 ended. Evaluation done at random point.
Time taken: 133.3400
Function value obtained: 0.3611
Current minimum: 0.1152
Iteration No: 8 started. Evaluating function at random point.
sh -c "./ssd_config_make.sh 940 3400 58519 112800 3300000 23878 23388 12012 233 10 46446"
Results of iteration 260
4096 90417 17190
8192 149948 18763
16384 160898 22095
32768 177841 28270
65536 277258 40433
131072 424627 69206
262144 478977 138609
Errors:
0.020, 0.515, 0.333, 0.010, 0.005, 0.021, 0.011, 0.055, 0.040, 0.004, 0.119, 0.192, 0.239, 0.163, 
Score: 0.123 + 0.257 = 0.381
make -C /lib/modules/5.15.142/build M=/home/blaze51/works/nvmevirt_popt clean
make[1]: Entering directory '/home/blaze51/.KERNEL/linux-5.15.142'
  CLEAN   /home/blaze51/works/nvmevirt_popt/Module.symvers
make[1]: Leaving directory '/home/blaze51/.KERNEL/linux-5.15.142'
rm -f cscope.out tags nvmev.S
make -C /lib/modules/5.15.142/build M=/home/blaze51/works/nvmevirt_popt modules
make[1]: Entering directory '/home/blaze51/.KERNEL/linux-5.15.142'
  CC [M]  /home/blaze51/works/nvmevirt_popt/main.o
  CC [M]  /home/blaze51/works/nvmevirt_popt/pci.o
  CC [M]  /home/blaze51/works/nvmevirt_popt/admin.o
  CC [M]  /home/blaze51/works/nvmevirt_popt/io.o
  CC [M]  /home/blaze51/works/nvmevirt_popt/dma.o
  CC [M]  /home/blaze51/works/nvmevirt_popt/ssd.o
  CC [M]  /home/blaze51/works/nvmevirt_popt/conv_ftl.o
  CC [M]  /home/blaze51/works/nvmevirt_popt/pqueue/pqueue.o
  CC [M]  /home/blaze51/works/nvmevirt_popt/channel_model.o
  LD [M]  /home/blaze51/works/nvmevirt_popt/nvmev.o
  MODPOST /home/blaze51/works/nvmevirt_popt/Module.symvers
  CC [M]  /home/blaze51/works/nvmevirt_popt/nvmev.mod.o
  LD [M]  /home/blaze51/works/nvmevirt_popt/nvmev.ko
  BTF [M] /home/blaze51/works/nvmevirt_popt/nvmev.ko
make[1]: Leaving directory '/home/blaze51/.KERNEL/linux-5.15.142'
Model Number:                       CSL_Virt_MN_01
Iteration No: 8 ended. Evaluation done at random point.
Time taken: 131.8662
Function value obtained: 0.3808
Current minimum: 0.1152
Iteration No: 9 started. Evaluating function at random point.
sh -c "./ssd_config_make.sh 700 3400 81852 44400 3300000 27449 25661 13166 298 194 48567"
Results of iteration 261
4096 119383 18526
8192 87272 20297
16384 101374 23524
32768 125752 29653
65536 188926 42545
131072 281882 70271
262144 318608 140098
Errors:
0.295, 0.118, 0.160, 0.286, 0.322, 0.322, 0.342, 0.137, 0.125, 0.069, 0.076, 0.150, 0.227, 0.154, 
Score: 0.199 + 0.171 = 0.370
make -C /lib/modules/5.15.142/build M=/home/blaze51/works/nvmevirt_popt clean
make[1]: Entering directory '/home/blaze51/.KERNEL/linux-5.15.142'
  CLEAN   /home/blaze51/works/nvmevirt_popt/Module.symvers
make[1]: Leaving directory '/home/blaze51/.KERNEL/linux-5.15.142'
rm -f cscope.out tags nvmev.S
make -C /lib/modules/5.15.142/build M=/home/blaze51/works/nvmevirt_popt modules
make[1]: Entering directory '/home/blaze51/.KERNEL/linux-5.15.142'
  CC [M]  /home/blaze51/works/nvmevirt_popt/main.o
  CC [M]  /home/blaze51/works/nvmevirt_popt/pci.o
  CC [M]  /home/blaze51/works/nvmevirt_popt/admin.o
  CC [M]  /home/blaze51/works/nvmevirt_popt/io.o
  CC [M]  /home/blaze51/works/nvmevirt_popt/dma.o
  CC [M]  /home/blaze51/works/nvmevirt_popt/ssd.o
  CC [M]  /home/blaze51/works/nvmevirt_popt/conv_ftl.o
  CC [M]  /home/blaze51/works/nvmevirt_popt/pqueue/pqueue.o
  CC [M]  /home/blaze51/works/nvmevirt_popt/channel_model.o
  LD [M]  /home/blaze51/works/nvmevirt_popt/nvmev.o
  MODPOST /home/blaze51/works/nvmevirt_popt/Module.symvers
  CC [M]  /home/blaze51/works/nvmevirt_popt/nvmev.mod.o
  LD [M]  /home/blaze51/works/nvmevirt_popt/nvmev.ko
  BTF [M] /home/blaze51/works/nvmevirt_popt/nvmev.ko
make[1]: Leaving directory '/home/blaze51/.KERNEL/linux-5.15.142'
Model Number:                       CSL_Virt_MN_01
Iteration No: 9 ended. Evaluation done at random point.
Time taken: 121.4740
Function value obtained: 0.3700
Current minimum: 0.1152
Iteration No: 10 started. Evaluating function at random point.
sh -c "./ssd_config_make.sh 892 3400 42963 62400 3300000 6531 27934 14320 363 378 50688"
Results of iteration 262
4096 58146 19378
8192 105541 21072
16384 116640 24712
32768 136715 31427
65536 205586 44386
131072 307170 70769
262144 345177 138968
Errors:
0.369, 0.066, 0.034, 0.223, 0.262, 0.262, 0.288, 0.189, 0.168, 0.123, 0.021, 0.113, 0.222, 0.161, 
Score: 0.179 + 0.185 = 0.363
make -C /lib/modules/5.15.142/build M=/home/blaze51/works/nvmevirt_popt clean
make[1]: Entering directory '/home/blaze51/.KERNEL/linux-5.15.142'
  CLEAN   /home/blaze51/works/nvmevirt_popt/Module.symvers
make[1]: Leaving directory '/home/blaze51/.KERNEL/linux-5.15.142'
rm -f cscope.out tags nvmev.S
make -C /lib/modules/5.15.142/build M=/home/blaze51/works/nvmevirt_popt modules
make[1]: Entering directory '/home/blaze51/.KERNEL/linux-5.15.142'
  CC [M]  /home/blaze51/works/nvmevirt_popt/main.o
  CC [M]  /home/blaze51/works/nvmevirt_popt/pci.o
  CC [M]  /home/blaze51/works/nvmevirt_popt/admin.o
  CC [M]  /home/blaze51/works/nvmevirt_popt/io.o
  CC [M]  /home/blaze51/works/nvmevirt_popt/dma.o
  CC [M]  /home/blaze51/works/nvmevirt_popt/ssd.o
  CC [M]  /home/blaze51/works/nvmevirt_popt/conv_ftl.o
  CC [M]  /home/blaze51/works/nvmevirt_popt/pqueue/pqueue.o
  CC [M]  /home/blaze51/works/nvmevirt_popt/channel_model.o
  LD [M]  /home/blaze51/works/nvmevirt_popt/nvmev.o
  MODPOST /home/blaze51/works/nvmevirt_popt/Module.symvers
  CC [M]  /home/blaze51/works/nvmevirt_popt/nvmev.mod.o
  LD [M]  /home/blaze51/works/nvmevirt_popt/nvmev.ko
  BTF [M] /home/blaze51/works/nvmevirt_popt/nvmev.ko
make[1]: Leaving directory '/home/blaze51/.KERNEL/linux-5.15.142'
Model Number:                       CSL_Virt_MN_01
Iteration No: 10 ended. Evaluation done at random point.
Time taken: 126.2138
Function value obtained: 0.3634
Current minimum: 0.1152
Iteration No: 11 started. Evaluating function at random point.
sh -c "./ssd_config_make.sh 796 3400 66296 80400 3300000 10102 5413 15473 427 562 52809"
Results of iteration 263
4096 86022 20798
8192 102417 22709
16384 115562 26674
32768 138174 33693
65536 222779 47786
131072 348181 74013
262144 394914 139511
Errors:
0.067, 0.035, 0.043, 0.215, 0.200, 0.163, 0.185, 0.276, 0.258, 0.212, 0.050, 0.046, 0.186, 0.157, 
Score: 0.150 + 0.138 = 0.288
make -C /lib/modules/5.15.142/build M=/home/blaze51/works/nvmevirt_popt clean
make[1]: Entering directory '/home/blaze51/.KERNEL/linux-5.15.142'
  CLEAN   /home/blaze51/works/nvmevirt_popt/Module.symvers
make[1]: Leaving directory '/home/blaze51/.KERNEL/linux-5.15.142'
rm -f cscope.out tags nvmev.S
make -C /lib/modules/5.15.142/build M=/home/blaze51/works/nvmevirt_popt modules
make[1]: Entering directory '/home/blaze51/.KERNEL/linux-5.15.142'
  CC [M]  /home/blaze51/works/nvmevirt_popt/main.o
  CC [M]  /home/blaze51/works/nvmevirt_popt/pci.o
  CC [M]  /home/blaze51/works/nvmevirt_popt/admin.o
  CC [M]  /home/blaze51/works/nvmevirt_popt/io.o
  CC [M]  /home/blaze51/works/nvmevirt_popt/dma.o
  CC [M]  /home/blaze51/works/nvmevirt_popt/ssd.o
  CC [M]  /home/blaze51/works/nvmevirt_popt/conv_ftl.o
  CC [M]  /home/blaze51/works/nvmevirt_popt/pqueue/pqueue.o
  CC [M]  /home/blaze51/works/nvmevirt_popt/channel_model.o
  LD [M]  /home/blaze51/works/nvmevirt_popt/nvmev.o
  MODPOST /home/blaze51/works/nvmevirt_popt/Module.symvers
  CC [M]  /home/blaze51/works/nvmevirt_popt/nvmev.mod.o
  LD [M]  /home/blaze51/works/nvmevirt_popt/nvmev.ko
  BTF [M] /home/blaze51/works/nvmevirt_popt/nvmev.ko
make[1]: Leaving directory '/home/blaze51/.KERNEL/linux-5.15.142'
Model Number:                       CSL_Virt_MN_01
Iteration No: 11 ended. Evaluation done at random point.
Time taken: 129.8300
Function value obtained: 0.2877
Current minimum: 0.1152
Iteration No: 12 started. Evaluating function at random point.
sh -c "./ssd_config_make.sh 988 3400 89630 98400 3300000 13673 7686 16627 492 747 54930"
Results of iteration 264
4096 112197 21985
8192 121158 24073
16384 132952 27677
32768 152080 34856
65536 244873 48894
131072 382005 76570
262144 433244 138635
Errors:
0.217, 0.224, 0.101, 0.136, 0.121, 0.082, 0.106, 0.349, 0.334, 0.258, 0.086, 0.023, 0.158, 0.163, 
Score: 0.168 + 0.175 = 0.343
make -C /lib/modules/5.15.142/build M=/home/blaze51/works/nvmevirt_popt clean
make[1]: Entering directory '/home/blaze51/.KERNEL/linux-5.15.142'
  CLEAN   /home/blaze51/works/nvmevirt_popt/Module.symvers
make[1]: Leaving directory '/home/blaze51/.KERNEL/linux-5.15.142'
rm -f cscope.out tags nvmev.S
make -C /lib/modules/5.15.142/build M=/home/blaze51/works/nvmevirt_popt modules
make[1]: Entering directory '/home/blaze51/.KERNEL/linux-5.15.142'
Segmentation fault (core dumped)
Segmentation fault (core dumped)
  CC [M]  /home/blaze51/works/nvmevirt_popt/main.o
  CC [M]  /home/blaze51/works/nvmevirt_popt/pci.o
  CC [M]  /home/blaze51/works/nvmevirt_popt/admin.o
  CC [M]  /home/blaze51/works/nvmevirt_popt/io.o
  CC [M]  /home/blaze51/works/nvmevirt_popt/dma.o
  CC [M]  /home/blaze51/works/nvmevirt_popt/ssd.o
  CC [M]  /home/blaze51/works/nvmevirt_popt/conv_ftl.o
  CC [M]  /home/blaze51/works/nvmevirt_popt/pqueue/pqueue.o
  CC [M]  /home/blaze51/works/nvmevirt_popt/channel_model.o
  LD [M]  /home/blaze51/works/nvmevirt_popt/nvmev.o
  MODPOST /home/blaze51/works/nvmevirt_popt/Module.symvers
  CC [M]  /home/blaze51/works/nvmevirt_popt/nvmev.mod.o
  LD [M]  /home/blaze51/works/nvmevirt_popt/nvmev.ko
  BTF [M] /home/blaze51/works/nvmevirt_popt/nvmev.ko
make[1]: Leaving directory '/home/blaze51/.KERNEL/linux-5.15.142'
Model Number:                       CSL_Virt_MN_01
Iteration No: 12 ended. Evaluation done at random point.
Time taken: 133.4343
Function value obtained: 0.3430
Current minimum: 0.1152
Iteration No: 13 started. Evaluating function at random point.
sh -c "./ssd_config_make.sh 676 3400 50741 116400 3300000 17245 9959 17781 557 931 57051"
Results of iteration 265
4096 78872 23578
8192 145438 25506
16384 161287 29656
32768 188612 36846
65536 304108 51844
131072 477434 80557
262144 538397 141116
Errors:
0.145, 0.469, 0.336, 0.071, 0.092, 0.148, 0.111, 0.447, 0.413, 0.348, 0.148, 0.036, 0.114, 0.148, 
Score: 0.216 + 0.235 = 0.451
make -C /lib/modules/5.15.142/build M=/home/blaze51/works/nvmevirt_popt clean
make[1]: Entering directory '/home/blaze51/.KERNEL/linux-5.15.142'
  CLEAN   /home/blaze51/works/nvmevirt_popt/Module.symvers
make[1]: Leaving directory '/home/blaze51/.KERNEL/linux-5.15.142'
rm -f cscope.out tags nvmev.S
make -C /lib/modules/5.15.142/build M=/home/blaze51/works/nvmevirt_popt modules
make[1]: Entering directory '/home/blaze51/.KERNEL/linux-5.15.142'
Segmentation fault (core dumped)
Segmentation fault (core dumped)
  CC [M]  /home/blaze51/works/nvmevirt_popt/main.o
  CC [M]  /home/blaze51/works/nvmevirt_popt/pci.o
  CC [M]  /home/blaze51/works/nvmevirt_popt/admin.o
  CC [M]  /home/blaze51/works/nvmevirt_popt/io.o
  CC [M]  /home/blaze51/works/nvmevirt_popt/dma.o
  CC [M]  /home/blaze51/works/nvmevirt_popt/ssd.o
  CC [M]  /home/blaze51/works/nvmevirt_popt/conv_ftl.o
  CC [M]  /home/blaze51/works/nvmevirt_popt/pqueue/pqueue.o
  CC [M]  /home/blaze51/works/nvmevirt_popt/channel_model.o
  LD [M]  /home/blaze51/works/nvmevirt_popt/nvmev.o
  MODPOST /home/blaze51/works/nvmevirt_popt/Module.symvers
  CC [M]  /home/blaze51/works/nvmevirt_popt/nvmev.mod.o
  LD [M]  /home/blaze51/works/nvmevirt_popt/nvmev.ko
  BTF [M] /home/blaze51/works/nvmevirt_popt/nvmev.ko
make[1]: Leaving directory '/home/blaze51/.KERNEL/linux-5.15.142'
Model Number:                       CSL_Virt_MN_01
Iteration No: 13 ended. Evaluation done at random point.
Time taken: 142.2137
Function value obtained: 0.4508
Current minimum: 0.1152
Iteration No: 14 started. Evaluating function at random point.
sh -c "./ssd_config_make.sh 868 3400 74074 30720 3300000 20816 12231 18935 621 1115 59173"
Results of iteration 266
4096 104643 24782
8192 59582 27016
16384 73391 31056
32768 96179 38457
65536 148407 53538
131072 225150 83765
262144 256279 143279
Errors:
0.135, 0.398, 0.392, 0.454, 0.467, 0.459, 0.471, 0.521, 0.497, 0.411, 0.198, 0.069, 0.079, 0.135, 
Score: 0.335 + 0.260 = 0.595
make -C /lib/modules/5.15.142/build M=/home/blaze51/works/nvmevirt_popt clean
make[1]: Entering directory '/home/blaze51/.KERNEL/linux-5.15.142'
  CLEAN   /home/blaze51/works/nvmevirt_popt/Module.symvers
make[1]: Leaving directory '/home/blaze51/.KERNEL/linux-5.15.142'
rm -f cscope.out tags nvmev.S
make -C /lib/modules/5.15.142/build M=/home/blaze51/works/nvmevirt_popt modules
make[1]: Entering directory '/home/blaze51/.KERNEL/linux-5.15.142'
Segmentation fault (core dumped)
Segmentation fault (core dumped)
  CC [M]  /home/blaze51/works/nvmevirt_popt/main.o
  CC [M]  /home/blaze51/works/nvmevirt_popt/pci.o
  CC [M]  /home/blaze51/works/nvmevirt_popt/admin.o
  CC [M]  /home/blaze51/works/nvmevirt_popt/io.o
  CC [M]  /home/blaze51/works/nvmevirt_popt/dma.o
  CC [M]  /home/blaze51/works/nvmevirt_popt/ssd.o
  CC [M]  /home/blaze51/works/nvmevirt_popt/conv_ftl.o
  CC [M]  /home/blaze51/works/nvmevirt_popt/pqueue/pqueue.o
  CC [M]  /home/blaze51/works/nvmevirt_popt/channel_model.o
  LD [M]  /home/blaze51/works/nvmevirt_popt/nvmev.o
  MODPOST /home/blaze51/works/nvmevirt_popt/Module.symvers
  CC [M]  /home/blaze51/works/nvmevirt_popt/nvmev.mod.o
  LD [M]  /home/blaze51/works/nvmevirt_popt/nvmev.ko
  BTF [M] /home/blaze51/works/nvmevirt_popt/nvmev.ko
make[1]: Leaving directory '/home/blaze51/.KERNEL/linux-5.15.142'
*** stack smashing detected ***: terminated
Aborted
Model Number:                       CSL_Virt_MN_01
Iteration No: 14 ended. Evaluation done at random point.
Time taken: 120.6123
Function value obtained: 0.5951
Current minimum: 0.1152
Iteration No: 15 started. Evaluating function at random point.
sh -c "./ssd_config_make.sh 772 3400 97407 48720 3300000 24388 14504 5178 686 1299 61294"
Results of iteration 267
4096 132241 10814
8192 81598 13379
16384 96825 17668
32768 122908 25565
65536 191074 41399
131072 292041 72610
262144 330872 139822
Errors:
0.434, 0.176, 0.198, 0.302, 0.314, 0.298, 0.317, 0.336, 0.259, 0.197, 0.203, 0.173, 0.201, 0.156, 
Score: 0.255 + 0.217 = 0.472
make -C /lib/modules/5.15.142/build M=/home/blaze51/works/nvmevirt_popt clean
make[1]: Entering directory '/home/blaze51/.KERNEL/linux-5.15.142'
  CLEAN   /home/blaze51/works/nvmevirt_popt/Module.symvers
make[1]: Leaving directory '/home/blaze51/.KERNEL/linux-5.15.142'
rm -f cscope.out tags nvmev.S
make -C /lib/modules/5.15.142/build M=/home/blaze51/works/nvmevirt_popt modules
make[1]: Entering directory '/home/blaze51/.KERNEL/linux-5.15.142'
Segmentation fault (core dumped)
Segmentation fault (core dumped)
  CC [M]  /home/blaze51/works/nvmevirt_popt/main.o
  CC [M]  /home/blaze51/works/nvmevirt_popt/pci.o
  CC [M]  /home/blaze51/works/nvmevirt_popt/admin.o
  CC [M]  /home/blaze51/works/nvmevirt_popt/io.o
  CC [M]  /home/blaze51/works/nvmevirt_popt/dma.o
  CC [M]  /home/blaze51/works/nvmevirt_popt/ssd.o
  CC [M]  /home/blaze51/works/nvmevirt_popt/conv_ftl.o
  CC [M]  /home/blaze51/works/nvmevirt_popt/pqueue/pqueue.o
  CC [M]  /home/blaze51/works/nvmevirt_popt/channel_model.o
  LD [M]  /home/blaze51/works/nvmevirt_popt/nvmev.o
  MODPOST /home/blaze51/works/nvmevirt_popt/Module.symvers
  CC [M]  /home/blaze51/works/nvmevirt_popt/nvmev.mod.o
  LD [M]  /home/blaze51/works/nvmevirt_popt/nvmev.ko
  BTF [M] /home/blaze51/works/nvmevirt_popt/nvmev.ko
make[1]: Leaving directory '/home/blaze51/.KERNEL/linux-5.15.142'
Model Number:                       CSL_Virt_MN_01
Iteration No: 15 ended. Evaluation done at random point.
Time taken: 124.2158
Function value obtained: 0.4715
Current minimum: 0.1152
Iteration No: 16 started. Evaluating function at random point.
sh -c "./ssd_config_make.sh 964 3400 30864 66720 3300000 27959 16777 6331 751 1483 63415"
Results of iteration 268
4096 68477 11567
8192 100209 13901
16384 113675 18689
32768 136092 27739
65536 212143 42883
131072 324535 74675
262144 367210 141104
Errors:
0.257, 0.012, 0.058, 0.227, 0.238, 0.220, 0.242, 0.290, 0.230, 0.151, 0.136, 0.143, 0.179, 0.148, 
Score: 0.181 + 0.145 = 0.326
make -C /lib/modules/5.15.142/build M=/home/blaze51/works/nvmevirt_popt clean
make[1]: Entering directory '/home/blaze51/.KERNEL/linux-5.15.142'
  CLEAN   /home/blaze51/works/nvmevirt_popt/Module.symvers
make[1]: Leaving directory '/home/blaze51/.KERNEL/linux-5.15.142'
rm -f cscope.out tags nvmev.S
make -C /lib/modules/5.15.142/build M=/home/blaze51/works/nvmevirt_popt modules
make[1]: Entering directory '/home/blaze51/.KERNEL/linux-5.15.142'
Segmentation fault (core dumped)
Segmentation fault (core dumped)
  CC [M]  /home/blaze51/works/nvmevirt_popt/main.o
  CC [M]  /home/blaze51/works/nvmevirt_popt/pci.o
  CC [M]  /home/blaze51/works/nvmevirt_popt/admin.o
  CC [M]  /home/blaze51/works/nvmevirt_popt/io.o
  CC [M]  /home/blaze51/works/nvmevirt_popt/dma.o
  CC [M]  /home/blaze51/works/nvmevirt_popt/ssd.o
  CC [M]  /home/blaze51/works/nvmevirt_popt/conv_ftl.o
  CC [M]  /home/blaze51/works/nvmevirt_popt/pqueue/pqueue.o
  CC [M]  /home/blaze51/works/nvmevirt_popt/channel_model.o
  LD [M]  /home/blaze51/works/nvmevirt_popt/nvmev.o
  MODPOST /home/blaze51/works/nvmevirt_popt/Module.symvers
  CC [M]  /home/blaze51/works/nvmevirt_popt/nvmev.mod.o
  LD [M]  /home/blaze51/works/nvmevirt_popt/nvmev.ko
  BTF [M] /home/blaze51/works/nvmevirt_popt/nvmev.ko
make[1]: Leaving directory '/home/blaze51/.KERNEL/linux-5.15.142'
Model Number:                       CSL_Virt_MN_01
fio: io_u error on file /dev/nvme3n1: Input/output error: read offset=129499136, buflen=65536
